  [1m[35m (0.3ms)[0m  [1m[35mBEGIN[0m
  [1m[35mSQL (1.0ms)[0m  [1m[32mINSERT INTO "user_types" ("user_type_name", "created_at", "updated_at") VALUES ($1, $2, $3) RETURNING "id"[0m  [["user_type_name", "ADMIN"], ["created_at", "2017-11-09 14:39:03.056023"], ["updated_at", "2017-11-09 14:39:03.056023"]]
  [1m[35m (1449.6ms)[0m  [1m[35mCOMMIT[0m
  [1m[35m (0.4ms)[0m  [1m[35mBEGIN[0m
  [1m[35mSQL (0.8ms)[0m  [1m[32mINSERT INTO "user_types" ("user_type_name", "created_at", "updated_at") VALUES ($1, $2, $3) RETURNING "id"[0m  [["user_type_name", "DOCTOR"], ["created_at", "2017-11-09 14:39:04.516516"], ["updated_at", "2017-11-09 14:39:04.516516"]]
  [1m[35m (11.1ms)[0m  [1m[35mCOMMIT[0m
  [1m[35m (0.5ms)[0m  [1m[35mBEGIN[0m
  [1m[35mSQL (0.8ms)[0m  [1m[32mINSERT INTO "user_types" ("user_type_name", "created_at", "updated_at") VALUES ($1, $2, $3) RETURNING "id"[0m  [["user_type_name", "STAFF"], ["created_at", "2017-11-09 14:39:04.532821"], ["updated_at", "2017-11-09 14:39:04.532821"]]
  [1m[35m (11.6ms)[0m  [1m[35mCOMMIT[0m
  [1m[35m (0.4ms)[0m  [1m[35mBEGIN[0m
  [1m[35mSQL (1.3ms)[0m  [1m[32mINSERT INTO "comment_types" ("comment_type_name", "created_at", "updated_at") VALUES ($1, $2, $3) RETURNING "id"[0m  [["comment_type_name", "SURGERY"], ["created_at", "2017-11-09 14:39:04.569555"], ["updated_at", "2017-11-09 14:39:04.569555"]]
  [1m[35m (13.7ms)[0m  [1m[35mCOMMIT[0m
  [1m[35m (0.4ms)[0m  [1m[35mBEGIN[0m
  [1m[35mSQL (0.8ms)[0m  [1m[32mINSERT INTO "comment_types" ("comment_type_name", "created_at", "updated_at") VALUES ($1, $2, $3) RETURNING "id"[0m  [["comment_type_name", "PRESCRIPTION"], ["created_at", "2017-11-09 14:39:04.588351"], ["updated_at", "2017-11-09 14:39:04.588351"]]
  [1m[35m (12.5ms)[0m  [1m[35mCOMMIT[0m
  [1m[35m (0.4ms)[0m  [1m[35mBEGIN[0m
  [1m[35mSQL (0.8ms)[0m  [1m[32mINSERT INTO "comment_types" ("comment_type_name", "created_at", "updated_at") VALUES ($1, $2, $3) RETURNING "id"[0m  [["comment_type_name", "MEDICINES"], ["created_at", "2017-11-09 14:39:04.604902"], ["updated_at", "2017-11-09 14:39:04.604902"]]
  [1m[35m (13.2ms)[0m  [1m[35mCOMMIT[0m
  [1m[36mUserType Load (0.8ms)[0m  [1m[34mSELECT  "user_types".* FROM "user_types" WHERE "user_types"."user_type_name" = $1 LIMIT $2[0m  [["user_type_name", "ADMIN"], ["LIMIT", 1]]
  [1m[36mUser Load (0.7ms)[0m  [1m[34mSELECT  "users".* FROM "users" ORDER BY "users"."id" DESC LIMIT $1[0m  [["LIMIT", 1]]
  [1m[35m (0.3ms)[0m  [1m[35mBEGIN[0m
  [1m[35mSQL (0.7ms)[0m  [1m[32mINSERT INTO "user_types" ("user_type_name", "created_at", "updated_at") VALUES ($1, $2, $3) RETURNING "id"[0m  [["user_type_name", "ADMIN"], ["created_at", "2017-11-09 14:40:25.677766"], ["updated_at", "2017-11-09 14:40:25.677766"]]
  [1m[35m (33.4ms)[0m  [1m[35mCOMMIT[0m
  [1m[35m (0.3ms)[0m  [1m[35mBEGIN[0m
  [1m[35mSQL (0.6ms)[0m  [1m[32mINSERT INTO "user_types" ("user_type_name", "created_at", "updated_at") VALUES ($1, $2, $3) RETURNING "id"[0m  [["user_type_name", "DOCTOR"], ["created_at", "2017-11-09 14:40:25.729882"], ["updated_at", "2017-11-09 14:40:25.729882"]]
  [1m[35m (12.9ms)[0m  [1m[35mCOMMIT[0m
  [1m[35m (0.4ms)[0m  [1m[35mBEGIN[0m
  [1m[35mSQL (0.8ms)[0m  [1m[32mINSERT INTO "user_types" ("user_type_name", "created_at", "updated_at") VALUES ($1, $2, $3) RETURNING "id"[0m  [["user_type_name", "STAFF"], ["created_at", "2017-11-09 14:40:25.746429"], ["updated_at", "2017-11-09 14:40:25.746429"]]
  [1m[35m (13.0ms)[0m  [1m[35mCOMMIT[0m
  [1m[35m (0.3ms)[0m  [1m[35mBEGIN[0m
  [1m[35mSQL (0.9ms)[0m  [1m[32mINSERT INTO "comment_types" ("comment_type_name", "created_at", "updated_at") VALUES ($1, $2, $3) RETURNING "id"[0m  [["comment_type_name", "SURGERY"], ["created_at", "2017-11-09 14:40:25.780050"], ["updated_at", "2017-11-09 14:40:25.780050"]]
  [1m[35m (18.2ms)[0m  [1m[35mCOMMIT[0m
  [1m[35m (0.4ms)[0m  [1m[35mBEGIN[0m
  [1m[35mSQL (0.6ms)[0m  [1m[32mINSERT INTO "comment_types" ("comment_type_name", "created_at", "updated_at") VALUES ($1, $2, $3) RETURNING "id"[0m  [["comment_type_name", "PRESCRIPTION"], ["created_at", "2017-11-09 14:40:25.802459"], ["updated_at", "2017-11-09 14:40:25.802459"]]
  [1m[35m (13.2ms)[0m  [1m[35mCOMMIT[0m
  [1m[35m (0.3ms)[0m  [1m[35mBEGIN[0m
  [1m[35mSQL (0.6ms)[0m  [1m[32mINSERT INTO "comment_types" ("comment_type_name", "created_at", "updated_at") VALUES ($1, $2, $3) RETURNING "id"[0m  [["comment_type_name", "MEDICINES"], ["created_at", "2017-11-09 14:40:25.818978"], ["updated_at", "2017-11-09 14:40:25.818978"]]
  [1m[35m (14.1ms)[0m  [1m[35mCOMMIT[0m
  [1m[36mUserType Load (0.6ms)[0m  [1m[34mSELECT  "user_types".* FROM "user_types" WHERE "user_types"."user_type_name" = $1 LIMIT $2[0m  [["user_type_name", "ADMIN"], ["LIMIT", 1]]
  [1m[35m (0.3ms)[0m  [1m[35mBEGIN[0m
  [1m[35mSQL (1.1ms)[0m  [1m[32mINSERT INTO "users" ("first_name", "last_name", "email_id", "user_type_id", "created_at", "updated_at", "encrypted_password", "salt") VALUES ($1, $2, $3, $4, $5, $6, $7, $8) RETURNING "id"[0m  [["first_name", "Prashant"], ["last_name", "Jadhav"], ["email_id", "admin@hms.com"], ["user_type_id", 1], ["created_at", "2017-11-09 14:40:25.887916"], ["updated_at", "2017-11-09 14:40:25.887916"], ["encrypted_password", "79cd4ce92042cec9bcb325912314c276e80f5a0a393428e4e5b69fc7eaac3c74"], ["salt", "54ba3b04075a63def46753f8def1c22534296db802a5aeb3d730865080529b37"]]
  [1m[35m (16.3ms)[0m  [1m[35mCOMMIT[0m
  [1m[36mUser Load (0.9ms)[0m  [1m[34mSELECT  "users".* FROM "users" ORDER BY "users"."id" DESC LIMIT $1[0m  [["LIMIT", 1]]
